d:\vs2015 project\sdipl\sdipl\debug\vc140.pdb
d:\vs2015 project\sdipl\sdipl\debug\vc140.idb
d:\vs2015 project\sdipl\sdipl\debug\camera.obj
d:\vs2015 project\sdipl\sdipl\debug\drawtrace.obj
d:\vs2015 project\sdipl\sdipl\debug\engine.obj
d:\vs2015 project\sdipl\sdipl\debug\timerbase.obj
d:\vs2015 project\sdipl\sdipl\debug\timersteady.obj
d:\vs2015 project\sdipl\sdipl\debug\window.obj
d:\vs2015 project\sdipl\sdipl\debug\winmain.obj
d:\vs2015 project\sdipl\debug\sdipl.ilk
d:\vs2015 project\sdipl\debug\sdipl.exe
d:\vs2015 project\sdipl\debug\sdipl.pdb
d:\vs2015 project\sdipl\debug\sdipl.lib
d:\vs2015 project\sdipl\debug\sdipl.exp
d:\vs2015 project\sdipl\sdipl\debug\sdipl.tlog\cl.command.1.tlog
d:\vs2015 project\sdipl\sdipl\debug\sdipl.tlog\cl.read.1.tlog
d:\vs2015 project\sdipl\sdipl\debug\sdipl.tlog\cl.write.1.tlog
d:\vs2015 project\sdipl\sdipl\debug\sdipl.tlog\link.command.1.tlog
d:\vs2015 project\sdipl\sdipl\debug\sdipl.tlog\link.read.1.tlog
d:\vs2015 project\sdipl\sdipl\debug\sdipl.tlog\link.write.1.tlog
d:\vs2015 project\sdipl\sdipl\debug\sdipl.tlog\sdipl.write.1u.tlog
